<?xml version="1.0" encoding="UTF-8"?>
<!-- Generated by org.testng.reporters.JUnitXMLReporter -->
<testsuite ignored="0" hostname="QSAOARK86368" failures="0" tests="6" name="Surefire test" time="3.109" errors="0" timestamp="2025-08-06T17:59:39 BRT">
  <testcase classname="com.sicredi.qa.AddProductTest" name="adicionarProdutoComErro" time="0.112"/>
  <testcase classname="com.sicredi.qa.AddProductTest" name="adicionarProdutoSucesso" time="0.093"/>
  <testcase classname="com.sicredi.qa.ProductsAuthTest" name="listarProdutos" time="0.034"/>
  <testcase classname="com.sicredi.qa.ProductsAuthTest" name="listarProdutos" time="0.02"/>
  <testcase classname="com.sicredi.qa.StatusTest" name="verificarStatus" time="0.049"/>
  <testcase classname="com.sicredi.qa.UsersTest" name="buscarUsuarios" time="0.074"/>
</testsuite> <!-- Surefire test -->
