<?xml version="1.0" encoding="UTF-8"?>
<testsuite xmlns:xsi="http://www.w3.org/2001/XMLSchema-instance" xsi:noNamespaceSchemaLocation="https://maven.apache.org/surefire/maven-surefire-plugin/xsd/surefire-test-report-3.0.xsd" version="3.0" name="TestSuite" time="3.975" tests="6" errors="0" skipped="0" failures="0">
  <properties>
[...]
</properties>
  <testcase name="adicionarProdutoComErro" classname="com.sicredi.qa.AddProductTest" time="0.065">
    <system-err><![CDATA[SLF4J: Failed to load class "org.slf4j.impl.StaticLoggerBinder".
SLF4J: Defaulting to no-operation (NOP) logger implementation
SLF4J: See http://www.slf4j.org/codes.html#StaticLoggerBinder for further details.
]]></system-err>
  </testcase>
  <testcase name="adicionarProdutoSucesso" classname="com.sicredi.qa.AddProductTest" time="0.09"/>
  <testcase name="listarProdutos" classname="com.sicredi.qa.AddProductTest" time="0.032"/>
  <testcase name="listarProdutos" classname="com.sicredi.qa.ProductsAuthTest" time="0.018"/>
  <testcase name="verificarStatus" classname="com.sicredi.qa.StatusTest" time="0.046"/>
  <testcase name="buscarUsuarios" classname="com.sicredi.qa.UsersTest" time="0.075">
    <system-out><![CDATA[Request method:	GET
Request URI:	http://localhost:3000/users
Proxy:			<none>
Request params:	<none>
Query params:	<none>
Form params:	<none>
Path params:	<none>
Headers:		Accept=application/json, application/javascript, text/javascript, text/json
				Content-Type=application/json
Cookies:		<none>
Multiparts:		<none>
Body:			<none>
HTTP/1.1 200 OK
X-Powered-By: Express
Vary: Origin, Accept-Encoding
Access-Control-Allow-Credentials: true
Cache-Control: no-cache
Pragma: no-cache
Expires: -1
X-Content-Type-Options: nosniff
Content-Type: application/json; charset=utf-8
Content-Length: 91
ETag: W/"5b-owLotbG7eaGISKHv8XSBYn++fKA"
Date: Wed, 06 Aug 2025 20:59:39 GMT
Connection: keep-alive
Keep-Alive: timeout=5

[
    {
        "id": 1,
        "name": "Ana QA"
    },
    {
        "id": 2,
        "name": "Bruno DEV"
    }
]
]]></system-out>
  </testcase>
</testsuite>